c:\users\jjgiesey\onedrive - milligan university\documents\bobanker\temp\bobanker.pch
c:\users\jjgiesey\onedrive - milligan university\documents\bobanker\temp\vc143.pdb
c:\users\jjgiesey\onedrive - milligan university\documents\bobanker\temp\stdafx.obj
c:\users\jjgiesey\onedrive - milligan university\documents\bobanker\temp\trains.obj
c:\users\jjgiesey\onedrive - milligan university\documents\bobanker\temp\techlevels.obj
c:\users\jjgiesey\onedrive - milligan university\documents\bobanker\temp\players.obj
c:\users\jjgiesey\onedrive - milligan university\documents\bobanker\temp\game.obj
c:\users\jjgiesey\onedrive - milligan university\documents\bobanker\temp\companies.obj
c:\users\jjgiesey\onedrive - milligan university\documents\bobanker\temp\cities.obj
c:\users\jjgiesey\onedrive - milligan university\documents\bobanker\temp\bobanker.obj
c:\users\jjgiesey\onedrive - milligan university\documents\bobanker\bobanker.exe
c:\users\jjgiesey\onedrive - milligan university\documents\bobanker\bobanker.pdb
c:\users\jjgiesey\onedrive - milligan university\documents\bobanker\temp\bobanker.res
c:\users\jjgiesey\onedrive - milligan university\documents\bobanker\temp\bobanker.ipdb
c:\users\jjgiesey\onedrive - milligan university\documents\bobanker\temp\bobanker.iobj
c:\users\jjgiesey\onedrive - milligan university\documents\bobanker\\bobanker.pdb
c:\users\jjgiesey\onedrive - milligan university\documents\bobanker\\temp\bobanker.vcxproj.filelistabsolute.txt
c:\users\jjgiesey\onedrive - milligan university\documents\bobanker\temp\bobanker.tlog\cl.command.1.tlog
c:\users\jjgiesey\onedrive - milligan university\documents\bobanker\temp\bobanker.tlog\cl.items.tlog
c:\users\jjgiesey\onedrive - milligan university\documents\bobanker\temp\bobanker.tlog\cl.read.1.tlog
c:\users\jjgiesey\onedrive - milligan university\documents\bobanker\temp\bobanker.tlog\cl.write.1.tlog
c:\users\jjgiesey\onedrive - milligan university\documents\bobanker\temp\bobanker.tlog\link.command.1.tlog
c:\users\jjgiesey\onedrive - milligan university\documents\bobanker\temp\bobanker.tlog\link.read.1.tlog
c:\users\jjgiesey\onedrive - milligan university\documents\bobanker\temp\bobanker.tlog\link.secondary.1.tlog
c:\users\jjgiesey\onedrive - milligan university\documents\bobanker\temp\bobanker.tlog\link.write.1.tlog
c:\users\jjgiesey\onedrive - milligan university\documents\bobanker\temp\bobanker.tlog\rc.command.1.tlog
c:\users\jjgiesey\onedrive - milligan university\documents\bobanker\temp\bobanker.tlog\rc.read.1.tlog
c:\users\jjgiesey\onedrive - milligan university\documents\bobanker\temp\bobanker.tlog\rc.write.1.tlog
